2013-12-10 22:11:19.344 [Worker-1] DEBUG HttpNotifications - Listening to JRebel notifications at http://127.0.0.1:57430/jrebel/notifications
2013-12-10 22:11:20.074 [Worker-1] DEBUG o.z.exec.ProcessExecutor - Executing [/System/Library/Java/JavaVirtualMachines/1.6.0.jdk/Contents/Home/bin/java, -Drebel.log=false, -Drebel.log.stdout=false, -Drebel.properties=/Users/noahwhiteis/.jrebel/jrebel.properties, -Drebel.license_server.legacy=false, -cp, /Applications/eclipse 3/plugins/org.zeroturnaround.eclipse.embedder_5.4.1.SR1-201311061306/jrebel/jrebel.jar, com.zeroturnaround.javarebel.CLILicensingAPIImpl, getCurrentLicense, ]...
2013-12-10 22:11:20.074 [JRebel License Expiration Notification Checker] DEBUG o.z.exec.ProcessExecutor - Executing [/System/Library/Java/JavaVirtualMachines/1.6.0.jdk/Contents/Home/bin/java, -Drebel.log=false, -Drebel.log.stdout=false, -Drebel.properties=/Users/noahwhiteis/.jrebel/jrebel.properties, -Drebel.license_server.legacy=false, -cp, /Applications/eclipse 3/plugins/org.zeroturnaround.eclipse.embedder_5.4.1.SR1-201311061306/jrebel/jrebel.jar, com.zeroturnaround.javarebel.CLILicensingAPIImpl, getCurrentLicense, ]...
2013-12-10 22:11:20.216 [JRebel License Expiration Notification Checker] DEBUG o.z.exec.ProcessExecutor - Started java.lang.UNIXProcess@506c6ce7
2013-12-10 22:11:20.224 [Worker-1] DEBUG o.z.exec.ProcessExecutor - Started java.lang.UNIXProcess@411a9435
2013-12-10 22:11:27.828 [Worker-1] DEBUG o.z.exec.WaitForProcess - java.lang.UNIXProcess@411a9435 stopped with exit code 2
2013-12-10 22:11:28.028 [JRebel License Expiration Notification Checker] DEBUG o.z.exec.WaitForProcess - java.lang.UNIXProcess@506c6ce7 stopped with exit code 2
2013-12-11 19:49:22.575 [Worker-0] DEBUG HttpNotifications - Listening to JRebel notifications at http://127.0.0.1:59470/jrebel/notifications
2013-12-11 19:49:22.902 [Worker-0] DEBUG o.z.exec.ProcessExecutor - Executing [/System/Library/Java/JavaVirtualMachines/1.6.0.jdk/Contents/Home/bin/java, -Drebel.log=false, -Drebel.log.stdout=false, -Drebel.properties=/Users/noahwhiteis/.jrebel/jrebel.properties, -Drebel.license_server.legacy=false, -cp, /Applications/eclipse 3/plugins/org.zeroturnaround.eclipse.embedder_5.4.1.SR1-201311061306/jrebel/jrebel.jar, com.zeroturnaround.javarebel.CLILicensingAPIImpl, getCurrentLicense, ]...
2013-12-11 19:49:23.025 [JRebel License Expiration Notification Checker] DEBUG o.z.exec.ProcessExecutor - Executing [/System/Library/Java/JavaVirtualMachines/1.6.0.jdk/Contents/Home/bin/java, -Drebel.log=false, -Drebel.log.stdout=false, -Drebel.properties=/Users/noahwhiteis/.jrebel/jrebel.properties, -Drebel.license_server.legacy=false, -cp, /Applications/eclipse 3/plugins/org.zeroturnaround.eclipse.embedder_5.4.1.SR1-201311061306/jrebel/jrebel.jar, com.zeroturnaround.javarebel.CLILicensingAPIImpl, getCurrentLicense, ]...
2013-12-11 19:49:23.157 [JRebel License Expiration Notification Checker] DEBUG o.z.exec.ProcessExecutor - Started java.lang.UNIXProcess@4cb1843a
2013-12-11 19:49:23.163 [Worker-0] DEBUG o.z.exec.ProcessExecutor - Started java.lang.UNIXProcess@46b93db1
2013-12-11 19:49:26.793 [Worker-0] DEBUG o.z.exec.WaitForProcess - java.lang.UNIXProcess@46b93db1 stopped with exit code 2
2013-12-11 19:49:27.045 [JRebel License Expiration Notification Checker] DEBUG o.z.exec.WaitForProcess - java.lang.UNIXProcess@4cb1843a stopped with exit code 2
2013-12-11 19:56:41.475 [Worker-0] DEBUG HttpNotifications - Listening to JRebel notifications at http://127.0.0.1:59756/jrebel/notifications
2013-12-11 19:56:41.510 [Worker-0] DEBUG o.z.exec.ProcessExecutor - Executing [/System/Library/Java/JavaVirtualMachines/1.6.0.jdk/Contents/Home/bin/java, -Drebel.log=false, -Drebel.log.stdout=false, -Drebel.properties=/Users/noahwhiteis/.jrebel/jrebel.properties, -Drebel.license_server.legacy=false, -cp, /Applications/eclipse 3/plugins/org.zeroturnaround.eclipse.embedder_5.4.1.SR1-201311061306/jrebel/jrebel.jar, com.zeroturnaround.javarebel.CLILicensingAPIImpl, getCurrentLicense, ]...
2013-12-11 19:56:41.556 [Worker-0] DEBUG o.z.exec.ProcessExecutor - Started java.lang.UNIXProcess@725bf9cf
2013-12-11 19:56:42.701 [Worker-0] DEBUG o.z.exec.WaitForProcess - java.lang.UNIXProcess@725bf9cf stopped with exit code 2
2013-12-12 07:29:29.962 [Worker-1] DEBUG HttpNotifications - Listening to JRebel notifications at http://127.0.0.1:60467/jrebel/notifications
2013-12-12 07:29:30.939 [Worker-1] DEBUG o.z.exec.ProcessExecutor - Executing [/System/Library/Java/JavaVirtualMachines/1.6.0.jdk/Contents/Home/bin/java, -Drebel.log=false, -Drebel.log.stdout=false, -Drebel.properties=/Users/noahwhiteis/.jrebel/jrebel.properties, -Drebel.license_server.legacy=false, -cp, /Applications/eclipse 3/plugins/org.zeroturnaround.eclipse.embedder_5.4.1.SR1-201311061306/jrebel/jrebel.jar, com.zeroturnaround.javarebel.CLILicensingAPIImpl, getCurrentLicense, ]...
2013-12-12 07:29:30.939 [JRebel License Expiration Notification Checker] DEBUG o.z.exec.ProcessExecutor - Executing [/System/Library/Java/JavaVirtualMachines/1.6.0.jdk/Contents/Home/bin/java, -Drebel.log=false, -Drebel.log.stdout=false, -Drebel.properties=/Users/noahwhiteis/.jrebel/jrebel.properties, -Drebel.license_server.legacy=false, -cp, /Applications/eclipse 3/plugins/org.zeroturnaround.eclipse.embedder_5.4.1.SR1-201311061306/jrebel/jrebel.jar, com.zeroturnaround.javarebel.CLILicensingAPIImpl, getCurrentLicense, ]...
2013-12-12 07:29:30.996 [Worker-1] DEBUG o.z.exec.ProcessExecutor - Started java.lang.UNIXProcess@4383cee3
2013-12-12 07:29:31.042 [JRebel License Expiration Notification Checker] DEBUG o.z.exec.ProcessExecutor - Started java.lang.UNIXProcess@f325905
2013-12-12 07:29:34.490 [Worker-1] DEBUG o.z.exec.WaitForProcess - java.lang.UNIXProcess@4383cee3 stopped with exit code 2
2013-12-12 07:29:34.511 [JRebel License Expiration Notification Checker] DEBUG o.z.exec.WaitForProcess - java.lang.UNIXProcess@f325905 stopped with exit code 2
